# Push Log for resume.thefoldwithin.earth
# Generated by gitfield-sync

[2025-06-11T22:21:05Z] Local: , Branch=master, Commit=619659a
  Diff Summary:
     docs/integrity.sha256 | 11 +++++++++++
     1 file changed, 11 insertions(+)
[2025-06-11T22:21:27Z] Radicle: RID=rad:z3FEj7rF8gZw9eFksCuiN43qjzrex, Peer ID=z6Mkw5s3ppo26C7y7tGK5MD8n2GqTHS582PPpeX5Xqbu2Mpz, Branch=master, Commit=619659a
  CLI: rad inspect rad:z3FEj7rF8gZw9eFksCuiN43qjzrex # View project details
  CLI: git ls-tree -r --name-only HEAD # View file structure
  Diff Summary:
     .gitfield/radicle.sigil.md | 67 ++++++++++++++++++++++++++++++++++++++++++++++
     1 file changed, 67 insertions(+)
[2025-06-11T22:21:30Z] Forgejo: https://remember.thefoldwithin.earth/mrhavens/resume.thefoldwithin.earth, Branch=master, Commit=619659a
  Diff Summary:
     .gitfield/remember.sigil.md | 59 +++++++++++++++++++++++++++++++++++++++++++++
     1 file changed, 59 insertions(+)
[2025-06-11T22:21:41Z] Codeberg: https://codeberg.org/mrhavens/resume.thefoldwithin.earth, Branch=master, Commit=619659a
  Diff Summary:
     .gitfield/codeberg.sigil.md | 59 +++++++++++++++++++++++++++++++++++++++++++++
     1 file changed, 59 insertions(+)
[2025-06-11T22:21:42Z] Gitea: https://gitea.com/mrhavens/resume.thefoldwithin.earth, Branch=master, Commit=619659a
  Diff Summary:
     .gitfield/pushed.log | 4 ++++
     1 file changed, 4 insertions(+)
[2025-06-11T22:22:50Z] GitLab: https://gitlab.com/mrhavens/resume.thefoldwithin.earth, Branch=master, Commit=619659a
  Diff Summary:
     .gitfield/gitlab.sigil.md | 59 +++++++++++++++++++++++++++++++++++++++++++++++
     1 file changed, 59 insertions(+)
[2025-06-11T22:22:59Z] Bitbucket: https://bitbucket.org/thefoldwithin/resume.thefoldwithin.earth, Branch=master, Commit=619659a
  Diff Summary:
     .gitfield/bitbucket.sigil.md | 59 ++++++++++++++++++++++++++++++++++++++++++++
     1 file changed, 59 insertions(+)
[2025-06-11T22:23:07Z] GitHub: https://github.com/mrhavens/resume.thefoldwithin.earth, Branch=master, Commit=619659a
  Diff Summary:
     .gitfield/github.sigil.md | 59 +++++++++++++++++++++++++++++++++++++++++++++++
     1 file changed, 59 insertions(+)
[2025-06-11T22:23:07Z] Local: , Branch=master, Commit=619659a
  Diff Summary:
     .gitfield/local.sigil.md | 59 ++++++++++++++++++++++++++++++++++++++++++++++++
     1 file changed, 59 insertions(+)
[2025-06-11T22:23:31Z] Radicle: RID=rad:z3FEj7rF8gZw9eFksCuiN43qjzrex, Peer ID=z6Mkw5s3ppo26C7y7tGK5MD8n2GqTHS582PPpeX5Xqbu2Mpz, Branch=master, Commit=619659a
  CLI: rad inspect rad:z3FEj7rF8gZw9eFksCuiN43qjzrex # View project details
  CLI: git ls-tree -r --name-only HEAD # View file structure
  Diff Summary:
     .gitfield/radicle.sigil.md | 20 ++++++++++----------
     1 file changed, 10 insertions(+), 10 deletions(-)
[2025-06-11T22:23:34Z] Forgejo: https://remember.thefoldwithin.earth/mrhavens/resume.thefoldwithin.earth, Branch=master, Commit=619659a
  Diff Summary:
     .gitfield/remember.sigil.md | 16 ++++++++--------
     1 file changed, 8 insertions(+), 8 deletions(-)
[2025-06-11T22:23:41Z] Codeberg: https://codeberg.org/mrhavens/resume.thefoldwithin.earth, Branch=master, Commit=619659a
  Diff Summary:
     .gitfield/codeberg.sigil.md | 18 +++++++++---------
     1 file changed, 9 insertions(+), 9 deletions(-)
[2025-06-11T22:23:43Z] Gitea: https://gitea.com/mrhavens/resume.thefoldwithin.earth, Branch=master, Commit=619659a
  Diff Summary:
     .gitfield/pushed.log | 4 ++++
     1 file changed, 4 insertions(+)
[2025-06-11T22:23:49Z] GitLab: https://gitlab.com/mrhavens/resume.thefoldwithin.earth, Branch=master, Commit=619659a
  Diff Summary:
     .gitfield/gitlab.sigil.md | 16 ++++++++--------
     1 file changed, 8 insertions(+), 8 deletions(-)
[2025-06-11T22:23:57Z] Bitbucket: https://bitbucket.org/thefoldwithin/resume.thefoldwithin.earth, Branch=master, Commit=619659a
  Diff Summary:
     .gitfield/bitbucket.sigil.md | 16 ++++++++--------
     1 file changed, 8 insertions(+), 8 deletions(-)
[2025-06-11T22:24:03Z] GitHub: https://github.com/mrhavens/resume.thefoldwithin.earth, Branch=master, Commit=619659a
  Diff Summary:
     .gitfield/github.sigil.md | 16 ++++++++--------
     1 file changed, 8 insertions(+), 8 deletions(-)
[2025-06-11T22:24:03Z] Local: , Branch=master, Commit=619659a
  Diff Summary:
     .gitfield/local.sigil.md | 16 ++++++++--------
     1 file changed, 8 insertions(+), 8 deletions(-)
[2025-06-11T22:24:29Z] Radicle: RID=rad:z3FEj7rF8gZw9eFksCuiN43qjzrex, Peer ID=z6Mkw5s3ppo26C7y7tGK5MD8n2GqTHS582PPpeX5Xqbu2Mpz, Branch=master, Commit=619659a
  CLI: rad inspect rad:z3FEj7rF8gZw9eFksCuiN43qjzrex # View project details
  CLI: git ls-tree -r --name-only HEAD # View file structure
  Diff Summary:
     .gitfield/radicle.sigil.md | 16 ++++++++--------
     1 file changed, 8 insertions(+), 8 deletions(-)
[2025-06-11T22:24:32Z] Forgejo: https://remember.thefoldwithin.earth/mrhavens/resume.thefoldwithin.earth, Branch=master, Commit=619659a
  Diff Summary:
     .gitfield/remember.sigil.md | 14 +++++++-------
     1 file changed, 7 insertions(+), 7 deletions(-)
[2025-06-11T22:24:42Z] Codeberg: https://codeberg.org/mrhavens/resume.thefoldwithin.earth, Branch=master, Commit=619659a
  Diff Summary:
     .gitfield/codeberg.sigil.md | 14 +++++++-------
     1 file changed, 7 insertions(+), 7 deletions(-)
[2025-06-11T22:24:44Z] Gitea: https://gitea.com/mrhavens/resume.thefoldwithin.earth, Branch=master, Commit=619659a
  Diff Summary:
     .gitfield/pushed.log | 4 ++++
     1 file changed, 4 insertions(+)
[2025-06-11T22:24:49Z] GitLab: https://gitlab.com/mrhavens/resume.thefoldwithin.earth, Branch=master, Commit=619659a
  Diff Summary:
     .gitfield/gitlab.sigil.md | 14 +++++++-------
     1 file changed, 7 insertions(+), 7 deletions(-)
[2025-06-11T22:24:59Z] Bitbucket: https://bitbucket.org/thefoldwithin/resume.thefoldwithin.earth, Branch=master, Commit=619659a
  Diff Summary:
     .gitfield/bitbucket.sigil.md | 14 +++++++-------
     1 file changed, 7 insertions(+), 7 deletions(-)
[2025-06-11T22:25:04Z] GitHub: https://github.com/mrhavens/resume.thefoldwithin.earth, Branch=master, Commit=619659a
  Diff Summary:
     .gitfield/github.sigil.md | 14 +++++++-------
     1 file changed, 7 insertions(+), 7 deletions(-)
[2025-06-11T23:31:06Z] Local: , Branch=master, Commit=21f29c8
  Diff Summary:
     .gitfield/local.sigil.md | 14 +++++++-------
     1 file changed, 7 insertions(+), 7 deletions(-)
[2025-06-11T23:31:07Z] Radicle: RID=rad:z3FEj7rF8gZw9eFksCuiN43qjzrex, Peer ID=z6Mkw5s3ppo26C7y7tGK5MD8n2GqTHS582PPpeX5Xqbu2Mpz, Branch=master, Commit=21f29c8
  CLI: rad inspect rad:z3FEj7rF8gZw9eFksCuiN43qjzrex # View project details
  CLI: git ls-tree -r --name-only HEAD # View file structure
  Diff Summary:
     .gitfield/radicle.sigil.md | 18 +++++++++---------
     1 file changed, 9 insertions(+), 9 deletions(-)
[2025-06-11T23:31:10Z] Forgejo: https://remember.thefoldwithin.earth/mrhavens/resume.thefoldwithin.earth, Branch=master, Commit=21f29c8
  Diff Summary:
     .gitfield/remember.sigil.md | 16 ++++++++--------
     1 file changed, 8 insertions(+), 8 deletions(-)
[2025-06-11T23:31:18Z] Codeberg: https://codeberg.org/mrhavens/resume.thefoldwithin.earth, Branch=master, Commit=21f29c8
  Diff Summary:
     .gitfield/codeberg.sigil.md | 16 ++++++++--------
     1 file changed, 8 insertions(+), 8 deletions(-)
[2025-06-11T23:31:19Z] Gitea: https://gitea.com/mrhavens/resume.thefoldwithin.earth, Branch=master, Commit=21f29c8
  Diff Summary:
     .gitfield/pushed.log | 4 ++++
     1 file changed, 4 insertions(+)
[2025-06-11T23:41:29Z] GitLab: https://gitlab.com/mrhavens/resume.thefoldwithin.earth, Branch=master, Commit=21f29c8
  Diff Summary:
     .gitfield/gitlab.sigil.md | 16 ++++++++--------
     1 file changed, 8 insertions(+), 8 deletions(-)
[2025-06-11T23:41:36Z] Bitbucket: https://bitbucket.org/thefoldwithin/resume.thefoldwithin.earth, Branch=master, Commit=21f29c8
  Diff Summary:
     .gitfield/bitbucket.sigil.md | 16 ++++++++--------
     1 file changed, 8 insertions(+), 8 deletions(-)
[2025-06-11T23:41:41Z] GitHub: https://github.com/mrhavens/resume.thefoldwithin.earth, Branch=master, Commit=21f29c8
  Diff Summary:
     .gitfield/github.sigil.md | 16 ++++++++--------
     1 file changed, 8 insertions(+), 8 deletions(-)
[2025-06-11T23:41:42Z] Local: , Branch=master, Commit=21f29c8
  Diff Summary:
     .gitfield/local.sigil.md | 14 +++++++-------
     1 file changed, 7 insertions(+), 7 deletions(-)
[2025-06-11T23:41:42Z] Radicle: RID=rad:z3FEj7rF8gZw9eFksCuiN43qjzrex, Peer ID=z6Mkw5s3ppo26C7y7tGK5MD8n2GqTHS582PPpeX5Xqbu2Mpz, Branch=master, Commit=21f29c8
  CLI: rad inspect rad:z3FEj7rF8gZw9eFksCuiN43qjzrex # View project details
  CLI: git ls-tree -r --name-only HEAD # View file structure
  Diff Summary:
     .gitfield/radicle.sigil.md | 16 ++++++++--------
     1 file changed, 8 insertions(+), 8 deletions(-)
[2025-06-11T23:41:45Z] Forgejo: https://remember.thefoldwithin.earth/mrhavens/resume.thefoldwithin.earth, Branch=master, Commit=21f29c8
  Diff Summary:
     .gitfield/remember.sigil.md | 14 +++++++-------
     1 file changed, 7 insertions(+), 7 deletions(-)
[2025-06-11T23:41:52Z] Codeberg: https://codeberg.org/mrhavens/resume.thefoldwithin.earth, Branch=master, Commit=21f29c8
  Diff Summary:
     .gitfield/codeberg.sigil.md | 14 +++++++-------
     1 file changed, 7 insertions(+), 7 deletions(-)
[2025-06-11T23:41:54Z] Gitea: https://gitea.com/mrhavens/resume.thefoldwithin.earth, Branch=master, Commit=21f29c8
  Diff Summary:
     .gitfield/pushed.log | 4 ++++
     1 file changed, 4 insertions(+)
[2025-06-11T23:41:58Z] GitLab: https://gitlab.com/mrhavens/resume.thefoldwithin.earth, Branch=master, Commit=21f29c8
  Diff Summary:
     .gitfield/gitlab.sigil.md | 12 ++++++------
     1 file changed, 6 insertions(+), 6 deletions(-)
[2025-06-11T23:42:09Z] Bitbucket: https://bitbucket.org/thefoldwithin/resume.thefoldwithin.earth, Branch=master, Commit=21f29c8
  Diff Summary:
     .gitfield/bitbucket.sigil.md | 12 ++++++------
     1 file changed, 6 insertions(+), 6 deletions(-)
[2025-06-11T23:42:14Z] GitHub: https://github.com/mrhavens/resume.thefoldwithin.earth, Branch=master, Commit=21f29c8
  Diff Summary:
     .gitfield/github.sigil.md | 12 ++++++------
     1 file changed, 6 insertions(+), 6 deletions(-)
[2025-06-11T23:42:15Z] Local: , Branch=master, Commit=21f29c8
  Diff Summary:
     .gitfield/local.sigil.md | 12 ++++++------
     1 file changed, 6 insertions(+), 6 deletions(-)
[2025-06-11T23:42:15Z] Radicle: RID=rad:z3FEj7rF8gZw9eFksCuiN43qjzrex, Peer ID=z6Mkw5s3ppo26C7y7tGK5MD8n2GqTHS582PPpeX5Xqbu2Mpz, Branch=master, Commit=21f29c8
  CLI: rad inspect rad:z3FEj7rF8gZw9eFksCuiN43qjzrex # View project details
  CLI: git ls-tree -r --name-only HEAD # View file structure
  Diff Summary:
     .gitfield/radicle.sigil.md | 14 +++++++-------
     1 file changed, 7 insertions(+), 7 deletions(-)
[2025-06-11T23:42:18Z] Forgejo: https://remember.thefoldwithin.earth/mrhavens/resume.thefoldwithin.earth, Branch=master, Commit=21f29c8
  Diff Summary:
     .gitfield/remember.sigil.md | 14 +++++++-------
     1 file changed, 7 insertions(+), 7 deletions(-)
[2025-06-11T23:42:26Z] Codeberg: https://codeberg.org/mrhavens/resume.thefoldwithin.earth, Branch=master, Commit=21f29c8
  Diff Summary:
     .gitfield/codeberg.sigil.md | 14 +++++++-------
     1 file changed, 7 insertions(+), 7 deletions(-)
[2025-06-11T23:42:28Z] Gitea: https://gitea.com/mrhavens/resume.thefoldwithin.earth, Branch=master, Commit=21f29c8
  Diff Summary:
     .gitfield/pushed.log | 4 ++++
     1 file changed, 4 insertions(+)
[2025-06-11T23:42:34Z] GitLab: https://gitlab.com/mrhavens/resume.thefoldwithin.earth, Branch=master, Commit=21f29c8
  Diff Summary:
     .gitfield/gitlab.sigil.md | 14 +++++++-------
     1 file changed, 7 insertions(+), 7 deletions(-)
[2025-06-11T23:42:42Z] Bitbucket: https://bitbucket.org/thefoldwithin/resume.thefoldwithin.earth, Branch=master, Commit=21f29c8
  Diff Summary:
     .gitfield/bitbucket.sigil.md | 17 +++++++++--------
     1 file changed, 9 insertions(+), 8 deletions(-)
[2025-06-11T23:42:48Z] GitHub: https://github.com/mrhavens/resume.thefoldwithin.earth, Branch=master, Commit=21f29c8
  Diff Summary:
     .gitfield/github.sigil.md | 14 +++++++-------
     1 file changed, 7 insertions(+), 7 deletions(-)
[2025-06-14T01:24:56Z] Local: , Branch=master, Commit=868e97b
  Diff Summary:
     .gitfield/local.sigil.md | 14 +++++++-------
     1 file changed, 7 insertions(+), 7 deletions(-)
[2025-06-14T01:25:00Z] Radicle: RID=rad:z3FEj7rF8gZw9eFksCuiN43qjzrex, Peer ID=z6Mkw5s3ppo26C7y7tGK5MD8n2GqTHS582PPpeX5Xqbu2Mpz, Branch=master, Commit=868e97b
  CLI: rad inspect rad:z3FEj7rF8gZw9eFksCuiN43qjzrex # View project details
  CLI: git ls-tree -r --name-only HEAD # View file structure
  Diff Summary:
     .gitfield/radicle.sigil.md | 18 +++++++++---------
     1 file changed, 9 insertions(+), 9 deletions(-)
[2025-06-14T01:25:04Z] Forgejo: https://remember.thefoldwithin.earth/mrhavens/resume.thefoldwithin.earth, Branch=master, Commit=868e97b
  Diff Summary:
     .gitfield/remember.sigil.md | 16 ++++++++--------
     1 file changed, 8 insertions(+), 8 deletions(-)
